Release 14.7 - xst P.20131013 (nt64)
Copyright (c) 1995-2013 Xilinx, Inc.  All rights reserved.
--> Parameter TMPDIR set to xst/projnav.tmp


Total REAL time to Xst completion: 1.00 secs
Total CPU time to Xst completion: 0.49 secs
 
--> Parameter xsthdpdir set to xst


Total REAL time to Xst completion: 1.00 secs
Total CPU time to Xst completion: 0.49 secs
 
--> Reading design: pcb.prj

TABLE OF CONTENTS
  1) Synthesis Options Summary
  2) HDL Compilation
  3) Design Hierarchy Analysis
  4) HDL Analysis
  5) HDL Synthesis
     5.1) HDL Synthesis Report
  6) Advanced HDL Synthesis
     6.1) Advanced HDL Synthesis Report
  7) Low Level Synthesis
  8) Partition Report
  9) Final Report
	9.1) Device utilization summary
	9.2) Partition Resource Summary
	9.3) TIMING REPORT


=========================================================================
*                      Synthesis Options Summary                        *
=========================================================================
---- Source Parameters
Input File Name                    : "pcb.prj"
Input Format                       : mixed
Ignore Synthesis Constraint File   : NO

---- Target Parameters
Output File Name                   : "pcb"
Output Format                      : NGC
Target Device                      : xc3s50a-5-tq144

---- Source Options
Top Module Name                    : pcb
Automatic FSM Extraction           : YES
FSM Encoding Algorithm             : Auto
Safe Implementation                : No
FSM Style                          : LUT
RAM Extraction                     : Yes
RAM Style                          : Auto
ROM Extraction                     : Yes
Mux Style                          : Auto
Decoder Extraction                 : YES
Priority Encoder Extraction        : Yes
Shift Register Extraction          : YES
Logical Shifter Extraction         : YES
XOR Collapsing                     : YES
ROM Style                          : Auto
Mux Extraction                     : Yes
Resource Sharing                   : YES
Asynchronous To Synchronous        : NO
Multiplier Style                   : Auto
Automatic Register Balancing       : No

---- Target Options
Add IO Buffers                     : YES
Global Maximum Fanout              : 100000
Add Generic Clock Buffer(BUFG)     : 24
Register Duplication               : YES
Slice Packing                      : YES
Optimize Instantiated Primitives   : NO
Use Clock Enable                   : Yes
Use Synchronous Set                : Yes
Use Synchronous Reset              : Yes
Pack IO Registers into IOBs        : Auto
Equivalent register Removal        : YES

---- General Options
Optimization Goal                  : Speed
Optimization Effort                : 1
Keep Hierarchy                     : No
Netlist Hierarchy                  : As_Optimized
RTL Output                         : Yes
Global Optimization                : AllClockNets
Read Cores                         : YES
Write Timing Constraints           : NO
Cross Clock Analysis               : NO
Hierarchy Separator                : /
Bus Delimiter                      : <>
Case Specifier                     : Maintain
Slice Utilization Ratio            : 100
BRAM Utilization Ratio             : 100
Verilog 2001                       : YES
Auto BRAM Packing                  : NO
Slice Utilization Ratio Delta      : 5

=========================================================================


=========================================================================
*                          HDL Compilation                              *
=========================================================================
Compiling vhdl file "E:/rega/regb.vhd" in Library work.
Entity <regb> compiled.
ERROR:HDLParsers:3010 - "E:/rega/regb.vhd" Line 35. Entity pcb does not exist.
ERROR:HDLParsers:3312 - "E:/rega/regb.vhd" Line 37. Undefined symbol 'std_logic_vector'.
ERROR:HDLParsers:1209 - "E:/rega/regb.vhd" Line 37. std_logic_vector: Undefined symbol (last report in this block)
ERROR:HDLParsers:3312 - "E:/rega/regb.vhd" Line 39. Undefined symbol 'std_logic'.
ERROR:HDLParsers:1209 - "E:/rega/regb.vhd" Line 39. std_logic: Undefined symbol (last report in this block)
ERROR:HDLParsers:3312 - "E:/rega/regb.vhd" Line 43. Undefined symbol 'inc'.
ERROR:HDLParsers:1209 - "E:/rega/regb.vhd" Line 43. inc: Undefined symbol (last report in this block)
ERROR:HDLParsers:3312 - "E:/rega/regb.vhd" Line 43. Undefined symbol 'clk'.
ERROR:HDLParsers:1209 - "E:/rega/regb.vhd" Line 43. clk: Undefined symbol (last report in this block)
ERROR:HDLParsers:808 - "E:/rega/regb.vhd" Line 45. = can not have such operands in this context.
ERROR:HDLParsers:808 - "E:/rega/regb.vhd" Line 46. = can not have such operands in this context.
ERROR:HDLParsers:3312 - "E:/rega/regb.vhd" Line 47. Undefined symbol 'delay'.
ERROR:HDLParsers:3312 - "E:/rega/regb.vhd" Line 48. Undefined symbol 'pulse'.
ERROR:HDLParsers:808 - "E:/rega/regb.vhd" Line 49. < can not have such operands in this context.
ERROR:HDLParsers:1209 - "E:/rega/regb.vhd" Line 50. delay: Undefined symbol (last report in this block)
ERROR:HDLParsers:808 - "E:/rega/regb.vhd" Line 53. = can not have such operands in this context.
ERROR:HDLParsers:1209 - "E:/rega/regb.vhd" Line 54. pulse: Undefined symbol (last report in this block)
WARNING:HDLParsers:1406 - "E:/rega/regb.vhd" Line 43. No sensitivity list and no wait in the process
ERROR:HDLParsers:3312 - "E:/rega/regb.vhd" Line 60. Undefined symbol 'pulse'.
ERROR:HDLParsers:1209 - "E:/rega/regb.vhd" Line 60. pulse: Undefined symbol (last report in this block)
ERROR:HDLParsers:3312 - "E:/rega/regb.vhd" Line 60. Undefined symbol 'load'.
ERROR:HDLParsers:1209 - "E:/rega/regb.vhd" Line 60. load: Undefined symbol (last report in this block)
ERROR:HDLParsers:3312 - "E:/rega/regb.vhd" Line 60. Undefined symbol 'dipsw'.
ERROR:HDLParsers:1209 - "E:/rega/regb.vhd" Line 60. dipsw: Undefined symbol (last report in this block)
ERROR:HDLParsers:808 - "E:/rega/regb.vhd" Line 62. = can not have such operands in this context.
ERROR:HDLParsers:3312 - "E:/rega/regb.vhd" Line 63. Undefined symbol 'temp'.
ERROR:HDLParsers:808 - "E:/rega/regb.vhd" Line 64. = can not have such operands in this context.
ERROR:HDLParsers:1209 - "E:/rega/regb.vhd" Line 65. temp: Undefined symbol (last report in this block)
WARNING:HDLParsers:1406 - "E:/rega/regb.vhd" Line 60. No sensitivity list and no wait in the process
ERROR:HDLParsers:3312 - "E:/rega/regb.vhd" Line 69. Undefined symbol 'led'.
ERROR:HDLParsers:3312 - "E:/rega/regb.vhd" Line 69. Undefined symbol 'temp'.
ERROR:HDLParsers:1209 - "E:/rega/regb.vhd" Line 69. temp: Undefined symbol (last report in this block)
--> 

Total memory usage is 4500384 kilobytes

Number of errors   :   30 (   0 filtered)
Number of warnings :    2 (   0 filtered)
Number of infos    :    0 (   0 filtered)

