Release 14.7 - xst P.20131013 (nt64)
Copyright (c) 1995-2013 Xilinx, Inc.  All rights reserved.
--> Parameter TMPDIR set to xst/projnav.tmp


Total REAL time to Xst completion: 0.00 secs
Total CPU time to Xst completion: 0.35 secs
 
--> Parameter xsthdpdir set to xst


Total REAL time to Xst completion: 0.00 secs
Total CPU time to Xst completion: 0.35 secs
 
--> Reading design: pcb.prj

TABLE OF CONTENTS
  1) Synthesis Options Summary
  2) HDL Compilation
  3) Design Hierarchy Analysis
  4) HDL Analysis
  5) HDL Synthesis
     5.1) HDL Synthesis Report
  6) Advanced HDL Synthesis
     6.1) Advanced HDL Synthesis Report
  7) Low Level Synthesis
  8) Partition Report
  9) Final Report
	9.1) Device utilization summary
	9.2) Partition Resource Summary
	9.3) TIMING REPORT


=========================================================================
*                      Synthesis Options Summary                        *
=========================================================================
---- Source Parameters
Input File Name                    : "pcb.prj"
Input Format                       : mixed
Ignore Synthesis Constraint File   : NO

---- Target Parameters
Output File Name                   : "pcb"
Output Format                      : NGC
Target Device                      : xc3s50a-5-tq144

---- Source Options
Top Module Name                    : pcb
Automatic FSM Extraction           : YES
FSM Encoding Algorithm             : Auto
Safe Implementation                : No
FSM Style                          : LUT
RAM Extraction                     : Yes
RAM Style                          : Auto
ROM Extraction                     : Yes
Mux Style                          : Auto
Decoder Extraction                 : YES
Priority Encoder Extraction        : Yes
Shift Register Extraction          : YES
Logical Shifter Extraction         : YES
XOR Collapsing                     : YES
ROM Style                          : Auto
Mux Extraction                     : Yes
Resource Sharing                   : YES
Asynchronous To Synchronous        : NO
Multiplier Style                   : Auto
Automatic Register Balancing       : No

---- Target Options
Add IO Buffers                     : YES
Global Maximum Fanout              : 100000
Add Generic Clock Buffer(BUFG)     : 24
Register Duplication               : YES
Slice Packing                      : YES
Optimize Instantiated Primitives   : NO
Use Clock Enable                   : Yes
Use Synchronous Set                : Yes
Use Synchronous Reset              : Yes
Pack IO Registers into IOBs        : Auto
Equivalent register Removal        : YES

---- General Options
Optimization Goal                  : Speed
Optimization Effort                : 1
Keep Hierarchy                     : No
Netlist Hierarchy                  : As_Optimized
RTL Output                         : Yes
Global Optimization                : AllClockNets
Read Cores                         : YES
Write Timing Constraints           : NO
Cross Clock Analysis               : NO
Hierarchy Separator                : /
Bus Delimiter                      : <>
Case Specifier                     : Maintain
Slice Utilization Ratio            : 100
BRAM Utilization Ratio             : 100
Verilog 2001                       : YES
Auto BRAM Packing                  : NO
Slice Utilization Ratio Delta      : 5

=========================================================================


=========================================================================
*                          HDL Compilation                              *
=========================================================================
Compiling vhdl file "E:/pca/pcb.vhd" in Library work.
Architecture pca of Entity pcb is up to date.

=========================================================================
*                     Design Hierarchy Analysis                         *
=========================================================================
Analyzing hierarchy for entity <pcb> in library <work> (architecture <pca>).


=========================================================================
*                            HDL Analysis                               *
=========================================================================
Analyzing Entity <pcb> in library <work> (Architecture <pca>).
Entity <pcb> analyzed. Unit <pcb> generated.


=========================================================================
*                           HDL Synthesis                               *
=========================================================================

Performing bidirectional port resolution...

Synthesizing Unit <pcb>.
    Related source file is "E:/pca/pcb.vhd".
    Found 6-bit up counter for signal <delay>.
    Found 6-bit comparator less for signal <delay$cmp_lt0000> created at line 48.
    Found 1-bit register for signal <pulse>.
    Found 8-bit up counter for signal <temp>.
    Summary:
	inferred   2 Counter(s).
	inferred   1 D-type flip-flop(s).
	inferred   1 Comparator(s).
Unit <pcb> synthesized.


=========================================================================
HDL Synthesis Report

Macro Statistics
# Counters                                             : 2
 6-bit up counter                                      : 1
 8-bit up counter                                      : 1
# Registers                                            : 1
 1-bit register                                        : 1
# Comparators                                          : 1
 6-bit comparator less                                 : 1

=========================================================================

=========================================================================
*                       Advanced HDL Synthesis                          *
=========================================================================


=========================================================================
Advanced HDL Synthesis Report

Macro Statistics
# Counters                                             : 2
 6-bit up counter                                      : 1
 8-bit up counter                                      : 1
# Registers                                            : 1
 Flip-Flops                                            : 1
# Comparators                                          : 1
 6-bit comparator less                                 : 1

=========================================================================

=========================================================================
*                         Low Level Synthesis                           *
=========================================================================

Optimizing unit <pcb> ...

Mapping all equations...
Building and optimizing final netlist ...
Found area constraint ratio of 100 (+ 5) on block pcb, actual ratio is 3.

Final Macro Processing ...

=========================================================================
Final Register Report

Macro Statistics
# Registers                                            : 15
 Flip-Flops                                            : 15

=========================================================================

=========================================================================
*                           Partition Report                            *
=========================================================================

Partition Implementation Status
-------------------------------

  No Partitions were found in this design.

-------------------------------

=========================================================================
*                            Final Report                               *
=========================================================================
Final Results
RTL Top Level Output File Name     : pcb.ngr
Top Level Output File Name         : pcb
Output Format                      : NGC
Optimization Goal                  : Speed
Keep Hierarchy                     : No

Design Statistics
# IOs                              : 19

Cell Usage :
# BELS                             : 47
#      GND                         : 1
#      INV                         : 2
#      LUT2                        : 18
#      LUT2_L                      : 1
#      LUT3                        : 6
#      LUT3_D                      : 1
#      LUT3_L                      : 2
#      LUT4                        : 12
#      LUT4_D                      : 2
#      LUT4_L                      : 1
#      MUXF5                       : 1
# FlipFlops/Latches                : 15
#      FDCP                        : 8
#      FDRE                        : 6
#      FDSE                        : 1
# Clock Buffers                    : 1
#      BUFGP                       : 1
# IO Buffers                       : 18
#      IBUF                        : 10
#      OBUF                        : 8
=========================================================================

Device utilization summary:
---------------------------

Selected Device : 3s50atq144-5 

 Number of Slices:                       25  out of    704     3%  
 Number of Slice Flip Flops:             15  out of   1408     1%  
 Number of 4 input LUTs:                 45  out of   1408     3%  
 Number of IOs:                          19
 Number of bonded IOBs:                  19  out of    108    17%  
 Number of GCLKs:                         1  out of     24     4%  

---------------------------
Partition Resource Summary:
---------------------------

  No Partitions were found in this design.

---------------------------


=========================================================================
TIMING REPORT

NOTE: THESE TIMING NUMBERS ARE ONLY A SYNTHESIS ESTIMATE.
      FOR ACCURATE TIMING INFORMATION PLEASE REFER TO THE TRACE REPORT
      GENERATED AFTER PLACE-and-ROUTE.

Clock Information:
------------------
-----------------------------------+------------------------+-------+
Clock Signal                       | Clock buffer(FF name)  | Load  |
-----------------------------------+------------------------+-------+
clk                                | BUFGP                  | 7     |
pulse                              | NONE(temp_7)           | 8     |
-----------------------------------+------------------------+-------+
INFO:Xst:2169 - HDL ADVISOR - Some clock signals were not automatically buffered by XST with BUFG/BUFR resources. Please use the buffer_type constraint in order to insert these buffers to the clock signals to help prevent skew problems.

Asynchronous Control Signals Information:
----------------------------------------
-----------------------------------+------------------------+-------+
Control Signal                     | Buffer(FF name)        | Load  |
-----------------------------------+------------------------+-------+
temp_0__and0000(temp_0__and00001:O)| NONE(temp_0)           | 1     |
temp_0__and0001(temp_0__and00011:O)| NONE(temp_0)           | 1     |
temp_1__and0000(temp_1__and00001:O)| NONE(temp_1)           | 1     |
temp_1__and0001(temp_1__and00011:O)| NONE(temp_1)           | 1     |
temp_2__and0000(temp_2__and00001:O)| NONE(temp_2)           | 1     |
temp_2__and0001(temp_2__and00011:O)| NONE(temp_2)           | 1     |
temp_3__and0000(temp_3__and00001:O)| NONE(temp_3)           | 1     |
temp_3__and0001(temp_3__and00011:O)| NONE(temp_3)           | 1     |
temp_4__and0000(temp_4__and00001:O)| NONE(temp_4)           | 1     |
temp_4__and0001(temp_4__and00011:O)| NONE(temp_4)           | 1     |
temp_5__and0000(temp_5__and00001:O)| NONE(temp_5)           | 1     |
temp_5__and0001(temp_5__and00011:O)| NONE(temp_5)           | 1     |
temp_6__and0000(temp_6__and00001:O)| NONE(temp_6)           | 1     |
temp_6__and0001(temp_6__and00011:O)| NONE(temp_6)           | 1     |
temp_7__and0000(temp_7__and00001:O)| NONE(temp_7)           | 1     |
temp_7__and0001(temp_7__and00011:O)| NONE(temp_7)           | 1     |
-----------------------------------+------------------------+-------+

Timing Summary:
---------------
Speed Grade: -5

   Minimum period: 3.292ns (Maximum Frequency: 303.739MHz)
   Minimum input arrival time before clock: 3.911ns
   Maximum output required time after clock: 5.460ns
   Maximum combinational path delay: No path found

Timing Detail:
--------------
All values displayed in nanoseconds (ns)

=========================================================================
Timing constraint: Default period analysis for Clock 'clk'
  Clock period: 3.292ns (frequency: 303.739MHz)
  Total number of paths / destination ports: 63 / 13
-------------------------------------------------------------------------
Delay:               3.292ns (Levels of Logic = 2)
  Source:            delay_0 (FF)
  Destination:       delay_0 (FF)
  Source Clock:      clk rising
  Destination Clock: clk rising

  Data Path: delay_0 to delay_0
                                Gate     Net
    Cell:in->out      fanout   Delay   Delay  Logical Name (Net Name)
    ----------------------------------------  ------------
     FDRE:C->Q             6   0.495   0.592  delay_0 (delay_0)
     LUT3_D:I2->O          1   0.561   0.359  delay_cmp_lt00001_SW0 (N01)
     LUT4:I3->O            6   0.561   0.569  delay_cmp_lt00001 (delay_cmp_lt0000)
     FDRE:CE                   0.156          delay_0
    ----------------------------------------
    Total                      3.292ns (1.773ns logic, 1.519ns route)
                                       (53.9% logic, 46.1% route)

=========================================================================
Timing constraint: Default period analysis for Clock 'pulse'
  Clock period: 2.994ns (frequency: 334.040MHz)
  Total number of paths / destination ports: 41 / 8
-------------------------------------------------------------------------
Delay:               2.994ns (Levels of Logic = 3)
  Source:            temp_4 (FF)
  Destination:       temp_7 (FF)
  Source Clock:      pulse rising
  Destination Clock: pulse rising

  Data Path: temp_4 to temp_7
                                Gate     Net
    Cell:in->out      fanout   Delay   Delay  Logical Name (Net Name)
    ----------------------------------------  ------------
     FDCP:C->Q             6   0.495   0.592  temp_4 (temp_4)
     LUT4:I2->O            1   0.561   0.000  temp_Q_mux0000<7>_SW0_SW1_F (N19)
     MUXF5:I0->O           1   0.229   0.359  temp_Q_mux0000<7>_SW0_SW1 (N17)
     LUT4:I3->O            1   0.561   0.000  temp_Q_mux0000<7> (temp_Q_mux0000<7>)
     FDCP:D                    0.197          temp_7
    ----------------------------------------
    Total                      2.994ns (2.043ns logic, 0.951ns route)
                                       (68.2% logic, 31.8% route)

=========================================================================
Timing constraint: Default OFFSET IN BEFORE for Clock 'clk'
  Total number of paths / destination ports: 7 / 7
-------------------------------------------------------------------------
Offset:              2.780ns (Levels of Logic = 2)
  Source:            inc (PAD)
  Destination:       delay_0 (FF)
  Destination Clock: clk rising

  Data Path: inc to delay_0
                                Gate     Net
    Cell:in->out      fanout   Delay   Delay  Logical Name (Net Name)
    ----------------------------------------  ------------
     IBUF:I->O             1   0.824   0.357  inc_IBUF (inc_IBUF)
     INV:I->O              7   0.562   0.602  inc_inv1_INV_0 (inc_inv)
     FDRE:R                    0.435          delay_0
    ----------------------------------------
    Total                      2.780ns (1.821ns logic, 0.959ns route)
                                       (65.5% logic, 34.5% route)

=========================================================================
Timing constraint: Default OFFSET IN BEFORE for Clock 'pulse'
  Total number of paths / destination ports: 24 / 8
-------------------------------------------------------------------------
Offset:              3.911ns (Levels of Logic = 4)
  Source:            load (PAD)
  Destination:       temp_7 (FF)
  Destination Clock: pulse rising

  Data Path: load to temp_7
                                Gate     Net
    Cell:in->out      fanout   Delay   Delay  Logical Name (Net Name)
    ----------------------------------------  ------------
     IBUF:I->O            28   0.824   1.180  load_IBUF (load_IBUF)
     LUT4:I0->O            1   0.561   0.000  temp_Q_mux0000<7>_SW0_SW1_G (N20)
     MUXF5:I1->O           1   0.229   0.359  temp_Q_mux0000<7>_SW0_SW1 (N17)
     LUT4:I3->O            1   0.561   0.000  temp_Q_mux0000<7> (temp_Q_mux0000<7>)
     FDCP:D                    0.197          temp_7
    ----------------------------------------
    Total                      3.911ns (2.372ns logic, 1.539ns route)
                                       (60.7% logic, 39.3% route)

=========================================================================
Timing constraint: Default OFFSET OUT AFTER for Clock 'pulse'
  Total number of paths / destination ports: 8 / 8
-------------------------------------------------------------------------
Offset:              5.460ns (Levels of Logic = 1)
  Source:            temp_5 (FF)
  Destination:       led<5> (PAD)
  Source Clock:      pulse rising

  Data Path: temp_5 to led<5>
                                Gate     Net
    Cell:in->out      fanout   Delay   Delay  Logical Name (Net Name)
    ----------------------------------------  ------------
     FDCP:C->Q             6   0.495   0.569  temp_5 (temp_5)
     OBUF:I->O                 4.396          led_5_OBUF (led<5>)
    ----------------------------------------
    Total                      5.460ns (4.891ns logic, 0.569ns route)
                                       (89.6% logic, 10.4% route)

=========================================================================


Total REAL time to Xst completion: 18.00 secs
Total CPU time to Xst completion: 17.81 secs
 
--> 

Total memory usage is 4502548 kilobytes

Number of errors   :    0 (   0 filtered)
Number of warnings :    0 (   0 filtered)
Number of infos    :    1 (   0 filtered)

