Release 14.7 - xst P.20131013 (nt64)
Copyright (c) 1995-2013 Xilinx, Inc.  All rights reserved.
--> Parameter TMPDIR set to xst/projnav.tmp


Total REAL time to Xst completion: 1.00 secs
Total CPU time to Xst completion: 0.34 secs
 
--> Parameter xsthdpdir set to xst


Total REAL time to Xst completion: 1.00 secs
Total CPU time to Xst completion: 0.34 secs
 
--> Reading design: dispbb.prj

TABLE OF CONTENTS
  1) Synthesis Options Summary
  2) HDL Compilation
  3) Design Hierarchy Analysis
  4) HDL Analysis
  5) HDL Synthesis
     5.1) HDL Synthesis Report
  6) Advanced HDL Synthesis
     6.1) Advanced HDL Synthesis Report
  7) Low Level Synthesis
  8) Partition Report
  9) Final Report
	9.1) Device utilization summary
	9.2) Partition Resource Summary
	9.3) TIMING REPORT


=========================================================================
*                      Synthesis Options Summary                        *
=========================================================================
---- Source Parameters
Input File Name                    : "dispbb.prj"
Input Format                       : mixed
Ignore Synthesis Constraint File   : NO

---- Target Parameters
Output File Name                   : "dispbb"
Output Format                      : NGC
Target Device                      : xc3s50a-5-tq144

---- Source Options
Top Module Name                    : dispbb
Automatic FSM Extraction           : YES
FSM Encoding Algorithm             : Auto
Safe Implementation                : No
FSM Style                          : LUT
RAM Extraction                     : Yes
RAM Style                          : Auto
ROM Extraction                     : Yes
Mux Style                          : Auto
Decoder Extraction                 : YES
Priority Encoder Extraction        : Yes
Shift Register Extraction          : YES
Logical Shifter Extraction         : YES
XOR Collapsing                     : YES
ROM Style                          : Auto
Mux Extraction                     : Yes
Resource Sharing                   : YES
Asynchronous To Synchronous        : NO
Multiplier Style                   : Auto
Automatic Register Balancing       : No

---- Target Options
Add IO Buffers                     : YES
Global Maximum Fanout              : 100000
Add Generic Clock Buffer(BUFG)     : 24
Register Duplication               : YES
Slice Packing                      : YES
Optimize Instantiated Primitives   : NO
Use Clock Enable                   : Yes
Use Synchronous Set                : Yes
Use Synchronous Reset              : Yes
Pack IO Registers into IOBs        : Auto
Equivalent register Removal        : YES

---- General Options
Optimization Goal                  : Speed
Optimization Effort                : 1
Keep Hierarchy                     : No
Netlist Hierarchy                  : As_Optimized
RTL Output                         : Yes
Global Optimization                : AllClockNets
Read Cores                         : YES
Write Timing Constraints           : NO
Cross Clock Analysis               : NO
Hierarchy Separator                : /
Bus Delimiter                      : <>
Case Specifier                     : Maintain
Slice Utilization Ratio            : 100
BRAM Utilization Ratio             : 100
Verilog 2001                       : YES
Auto BRAM Packing                  : NO
Slice Utilization Ratio Delta      : 5

=========================================================================


=========================================================================
*                          HDL Compilation                              *
=========================================================================
Compiling vhdl file "E:/dispaa/dispbb.vhd" in Library work.
Entity <dispbb> compiled.
Entity <dispbb> (Architecture <dispaa>) compiled.

=========================================================================
*                     Design Hierarchy Analysis                         *
=========================================================================
Analyzing hierarchy for entity <dispbb> in library <work> (architecture <dispaa>).


=========================================================================
*                            HDL Analysis                               *
=========================================================================
Analyzing Entity <dispbb> in library <work> (Architecture <dispaa>).
INFO:Xst:2679 - Register <d> in unit <dispbb> has a constant value of 1111 during circuit operation. The register is replaced by logic.
Entity <dispbb> analyzed. Unit <dispbb> generated.


=========================================================================
*                           HDL Synthesis                               *
=========================================================================

Performing bidirectional port resolution...

Synthesizing Unit <dispbb>.
    Related source file is "E:/dispaa/dispbb.vhd".
    Found 8x4-bit single-port RAM <Mram_datamem> for signal <datamem>.
    Found 1-of-8 decoder for signal <R>.
    Found 4-bit register for signal <C>.
    Summary:
	inferred   1 RAM(s).
	inferred   4 D-type flip-flop(s).
	inferred   1 Decoder(s).
Unit <dispbb> synthesized.


=========================================================================
HDL Synthesis Report

Macro Statistics
# RAMs                                                 : 1
 8x4-bit single-port RAM                               : 1
# Registers                                            : 1
 4-bit register                                        : 1
# Decoders                                             : 1
 1-of-8 decoder                                        : 1

=========================================================================

=========================================================================
*                       Advanced HDL Synthesis                          *
=========================================================================


Synthesizing (advanced) Unit <dispbb>.
INFO:Xst:3231 - The small RAM <Mram_datamem> will be implemented on LUTs in order to maximize performance and save block RAM resources. If you want to force its implementation on block, use option/constraint ram_style.
    -----------------------------------------------------------------------
    | ram_type           | Distributed                         |          |
    -----------------------------------------------------------------------
    | Port A                                                              |
    |     aspect ratio   | 8-word x 4-bit                      |          |
    |     clkA           | connected to signal <clk>           | rise     |
    |     weA            | connected to signal <memwrite>      | low      |
    |     addrA          | connected to signal <addr>          |          |
    |     diA            | connected to signal <din>           |          |
    |     doA            | connected to internal node          |          |
    -----------------------------------------------------------------------
Unit <dispbb> synthesized (advanced).

=========================================================================
Advanced HDL Synthesis Report

Macro Statistics
# RAMs                                                 : 1
 8x4-bit single-port distributed RAM                   : 1
# Registers                                            : 4
 Flip-Flops                                            : 4
# Decoders                                             : 1
 1-of-8 decoder                                        : 1

=========================================================================

=========================================================================
*                         Low Level Synthesis                           *
=========================================================================

Optimizing unit <dispbb> ...

Mapping all equations...
Building and optimizing final netlist ...
Found area constraint ratio of 100 (+ 5) on block dispbb, actual ratio is 0.

Final Macro Processing ...

=========================================================================
Final Register Report

Macro Statistics
# Registers                                            : 4
 Flip-Flops                                            : 4

=========================================================================

=========================================================================
*                           Partition Report                            *
=========================================================================

Partition Implementation Status
-------------------------------

  No Partitions were found in this design.

-------------------------------

=========================================================================
*                            Final Report                               *
=========================================================================
Final Results
RTL Top Level Output File Name     : dispbb.ngr
Top Level Output File Name         : dispbb
Output Format                      : NGC
Optimization Goal                  : Speed
Keep Hierarchy                     : No

Design Statistics
# IOs                              : 25

Cell Usage :
# BELS                             : 11
#      GND                         : 1
#      INV                         : 1
#      LUT3                        : 8
#      VCC                         : 1
# FlipFlops/Latches                : 4
#      FD                          : 4
# RAMS                             : 4
#      RAM16X1S                    : 4
# Clock Buffers                    : 1
#      BUFGP                       : 1
# IO Buffers                       : 24
#      IBUF                        : 8
#      OBUF                        : 16
=========================================================================

Device utilization summary:
---------------------------

Selected Device : 3s50atq144-5 

 Number of Slices:                        7  out of    704     0%  
 Number of Slice Flip Flops:              4  out of   1408     0%  
 Number of 4 input LUTs:                 13  out of   1408     0%  
    Number used as logic:                 9
    Number used as RAMs:                  4
 Number of IOs:                          25
 Number of bonded IOBs:                  25  out of    108    23%  
 Number of GCLKs:                         1  out of     24     4%  

---------------------------
Partition Resource Summary:
---------------------------

  No Partitions were found in this design.

---------------------------


=========================================================================
TIMING REPORT

NOTE: THESE TIMING NUMBERS ARE ONLY A SYNTHESIS ESTIMATE.
      FOR ACCURATE TIMING INFORMATION PLEASE REFER TO THE TRACE REPORT
      GENERATED AFTER PLACE-and-ROUTE.

Clock Information:
------------------
-----------------------------------+------------------------+-------+
Clock Signal                       | Clock buffer(FF name)  | Load  |
-----------------------------------+------------------------+-------+
clk                                | BUFGP                  | 8     |
-----------------------------------+------------------------+-------+

Asynchronous Control Signals Information:
----------------------------------------
No asynchronous control signals found in this design

Timing Summary:
---------------
Speed Grade: -5

   Minimum period: 1.960ns (Maximum Frequency: 510.204MHz)
   Minimum input arrival time before clock: 2.999ns
   Maximum output required time after clock: 5.248ns
   Maximum combinational path delay: 7.125ns

Timing Detail:
--------------
All values displayed in nanoseconds (ns)

=========================================================================
Timing constraint: Default period analysis for Clock 'clk'
  Clock period: 1.960ns (frequency: 510.204MHz)
  Total number of paths / destination ports: 4 / 4
-------------------------------------------------------------------------
Delay:               1.960ns (Levels of Logic = 0)
  Source:            Mram_datamem1 (RAM)
  Destination:       C_0 (FF)
  Source Clock:      clk rising
  Destination Clock: clk rising

  Data Path: Mram_datamem1 to C_0
                                Gate     Net
    Cell:in->out      fanout   Delay   Delay  Logical Name (Net Name)
    ----------------------------------------  ------------
     RAM16X1S:WCLK->O      1   1.406   0.357  Mram_datamem1 (_varindex0000<0>)
     FD:D                      0.197          C_0
    ----------------------------------------
    Total                      1.960ns (1.603ns logic, 0.357ns route)
                                       (81.8% logic, 18.2% route)

=========================================================================
Timing constraint: Default OFFSET IN BEFORE for Clock 'clk'
  Total number of paths / destination ports: 32 / 24
-------------------------------------------------------------------------
Offset:              2.999ns (Levels of Logic = 2)
  Source:            addr<0> (PAD)
  Destination:       C_0 (FF)
  Destination Clock: clk rising

  Data Path: addr<0> to C_0
                                Gate     Net
    Cell:in->out      fanout   Delay   Delay  Logical Name (Net Name)
    ----------------------------------------  ------------
     IBUF:I->O            16   0.824   0.879  addr_0_IBUF (addr_0_IBUF)
     RAM16X1S:A0->O        1   0.742   0.357  Mram_datamem2 (_varindex0000<1>)
     FD:D                      0.197          C_1
    ----------------------------------------
    Total                      2.999ns (1.763ns logic, 1.236ns route)
                                       (58.8% logic, 41.2% route)

=========================================================================
Timing constraint: Default OFFSET OUT AFTER for Clock 'clk'
  Total number of paths / destination ports: 4 / 4
-------------------------------------------------------------------------
Offset:              5.248ns (Levels of Logic = 1)
  Source:            C_3 (FF)
  Destination:       C<3> (PAD)
  Source Clock:      clk rising

  Data Path: C_3 to C<3>
                                Gate     Net
    Cell:in->out      fanout   Delay   Delay  Logical Name (Net Name)
    ----------------------------------------  ------------
     FD:C->Q               1   0.495   0.357  C_3 (C_3)
     OBUF:I->O                 4.396          C_3_OBUF (C<3>)
    ----------------------------------------
    Total                      5.248ns (4.891ns logic, 0.357ns route)
                                       (93.2% logic, 6.8% route)

=========================================================================
Timing constraint: Default path analysis
  Total number of paths / destination ports: 24 / 8
-------------------------------------------------------------------------
Delay:               7.125ns (Levels of Logic = 3)
  Source:            addr<2> (PAD)
  Destination:       R<7> (PAD)

  Data Path: addr<2> to R<7>
                                Gate     Net
    Cell:in->out      fanout   Delay   Delay  Logical Name (Net Name)
    ----------------------------------------  ------------
     IBUF:I->O            16   0.824   0.987  addr_2_IBUF (addr_2_IBUF)
     LUT3:I0->O            1   0.561   0.357  Mdecod_R71 (R_7_OBUF)
     OBUF:I->O                 4.396          R_7_OBUF (R<7>)
    ----------------------------------------
    Total                      7.125ns (5.781ns logic, 1.344ns route)
                                       (81.1% logic, 18.9% route)

=========================================================================


Total REAL time to Xst completion: 17.00 secs
Total CPU time to Xst completion: 17.18 secs
 
--> 

Total memory usage is 4502504 kilobytes

Number of errors   :    0 (   0 filtered)
Number of warnings :    0 (   0 filtered)
Number of infos    :    2 (   0 filtered)

